
-----------------------------------------------------------------------------
Status                        Inlet               Outlet
-----------------------------------------------------------------------------
Time[s]                       0                   1
T[K]                          1636.028            2224.579
P[atm]                        1.00000             1.00000
rho[kg/m3]                    0.20481             0.15025
MW[kg/kmol]                   27.49581            27.42742
Phi[-]                        1.00001             1.00001
H[J/kg]                       -2.544939e+05       -2.544939e+05
U[J/kg]                       -7.492128e+05       -9.288621e+05
Conv.(%) O2                   0.000000e+00        9.287042e+01
Conv.(%) CH4                  0.000000e+00        9.999942e+01
Conv.(%) N2                   0.000000e+00        4.156563e-02
Total species (kmol/s)        1.091075e-01        1.093796e-01
Element(kmol/s) C             1.031602e-02        1.031602e-02
Element(kmol/s) H             4.126409e-02        4.126409e-02
Element(kmol/s) O             4.126387e-02        4.126387e-02
Element(kmol/s) N             1.552309e-01        1.552309e-01
-----------------------------------------------------------------------------

-----------------------------------------------------------------------------
Mass fractions                Inlet               Outlet
-----------------------------------------------------------------------------
H2                            1.776010e-04        2.664016e-04
H                             9.730811e-06        1.459622e-05
O                             8.573086e-05        1.285962e-04
O2                            7.701392e-02        5.490771e-03
OH                            1.200363e-03        1.800545e-03
H2O                           8.028678e-02        1.204302e-01
HO2                           4.083013e-07        6.124516e-07
H2O2                          3.831943e-08        5.747912e-08
C                             1.526256e-11        2.289383e-11
CH                            1.213712e-10        1.820567e-10
CH2                           2.409223e-09        3.613834e-09
CH2(S)                        1.728038e-10        2.592056e-10
CH3                           3.672116e-08        5.508175e-08
CH4                           1.838895e-02        1.064311e-07
CO                            6.149276e-03        9.223916e-03
CO2                           9.122627e-02        1.368394e-01
HCO                           1.257372e-09        1.886058e-09
CH2O                          2.177427e-08        3.266140e-08
CH2OH                         3.424805e-10        5.137208e-10
CH3O                          1.770964e-11        2.656447e-11
CH3OH                         5.008688e-10        7.513035e-10
C2H                           8.328969e-15        1.249346e-14
C2H2                          2.186672e-12        3.280010e-12
C2H3                          2.016504e-14        3.024757e-14
C2H4                          6.295347e-13        9.443025e-13
C2H5                          1.050232e-14        1.575349e-14
C2H6                          7.010551e-15        1.051583e-14
HCCO                          2.106158e-11        3.159236e-11
CH2CO                         4.686924e-11        7.030387e-11
HCCOH                         2.489954e-13        3.734933e-13
N                             4.844887e-09        7.267344e-09
NH                            9.746956e-10        1.462048e-09
NH2                           1.227450e-09        1.841182e-09
NH3                           3.682443e-09        5.523686e-09
NNH                           5.421295e-10        8.131942e-10
NO                            1.289126e-03        1.933696e-03
NO2                           3.638917e-07        5.458395e-07
N2O                           1.091897e-07        1.637846e-07
HNO                           2.412422e-08        3.618648e-08
CN                            6.347360e-11        9.521075e-11
HCN                           2.377240e-08        3.565874e-08
H2CN                          1.705172e-13        2.557768e-13
HCNN                          1.536249e-13        2.304373e-13
HCNO                          1.002997e-08        1.504502e-08
HOCN                          9.590552e-10        1.438588e-09
HNCO                          4.569654e-08        6.854507e-08
NCO                           1.731255e-09        2.596892e-09
N2                            7.241711e-01        7.238701e-01
AR                            0.000000e+00        0.000000e+00
C3H7                          5.773169e-22        8.659760e-22
C3H8                          4.897080e-22        7.345627e-22
CH2CHO                        5.459623e-16        8.189435e-16
CH3CHO                        1.188940e-14        1.783411e-14
--------------------------------------------------------------

-----------------------------------------------------------------------------
Mole fractions                Inlet               Outlet
-----------------------------------------------------------------------------
H2                            2.422264e-03        3.624359e-03
H                             2.654331e-04        3.971593e-04
O                             1.473367e-04        2.204552e-04
O2                            6.617789e-02        4.706472e-03
OH                            1.940669e-03        2.903763e-03
H2O                           1.225396e-01        1.833521e-01
HO2                           3.401374e-07        5.089368e-07
H2O2                          3.097618e-08        4.634868e-08
C                             3.493935e-11        5.227864e-11
CH                            2.563329e-10        3.835430e-10
CH2                           4.722573e-09        7.066240e-09
CH2(S)                        3.387310e-10        5.068327e-10
CH3                           6.715517e-08        1.004822e-07
CH4                           3.151649e-02        1.819566e-07
CO                            6.036392e-03        9.032067e-03
CO2                           5.699608e-02        8.528146e-02
HCO                           1.191414e-09        1.782676e-09
CH2O                          1.993942e-08        2.983474e-08
CH2OH                         3.034343e-10        4.540194e-10
CH3O                          1.569057e-11        2.347731e-11
CH3OH                         4.298045e-10        6.431033e-10
C2H                           9.149491e-15        1.369011e-14
C2H2                          2.309099e-12        3.455035e-12
C2H3                          2.050041e-14        3.067414e-14
C2H4                          6.170088e-13        9.232117e-13
C2H5                          9.936338e-15        1.486744e-14
C2H6                          6.410402e-15        9.591693e-15
HCCO                          1.411453e-11        2.111914e-11
CH2CO                         3.065651e-11        4.587040e-11
HCCOH                         1.628644e-13        2.436891e-13
N                             9.510538e-09        1.423035e-08
NH                            1.784885e-09        2.670676e-09
NH2                           2.106330e-09        3.151649e-09
NH3                           5.945144e-09        8.895570e-09
NNH                           5.136203e-10        7.685141e-10
NO                            1.181282e-03        1.767523e-03
NO2                           2.174871e-07        3.254205e-07
N2O                           6.821300e-08        1.020650e-07
HNO                           2.138760e-08        3.200173e-08
CN                            6.707887e-11        1.003684e-10
HCN                           2.418565e-08        3.618838e-08
H2CN                          1.672436e-13        2.502425e-13
HCNN                          1.029425e-13        1.540297e-13
HCNO                          6.409812e-09        9.590842e-09
HOCN                          6.128995e-10        9.170659e-10
HNCO                          2.920310e-08        4.369586e-08
NCO                           1.132928e-09        1.695172e-09
N2                            7.107758e-01        7.087131e-01
AR                            0.000000e+00        0.000000e+00
C3H7                          3.683956e-22        5.512193e-22
C3H8                          3.053477e-22        4.568828e-22
CH2CHO                        3.487437e-16        5.218146e-16
CH3CHO                        7.420804e-15        1.110352e-14
-----------------------------------------------------------------------------
