
-----------------------------------------------------------------------------
Status                        Inlet               Outlet
-----------------------------------------------------------------------------
Time[s]                       0                   1
T[K]                          300.000             2223.380
P[atm]                        1.00000             1.00000
rho[kg/m3]                    1.12253             0.15031
MW[kg/kmol]                   27.63362            27.42411
Phi[-]                        1.00001             1.00001
H[J/kg]                       -2.544939e+05       -2.544939e+05
U[J/kg]                       -3.447586e+05       -9.285800e+05
Conv.(%) O2                   0.000000e+00        9.741805e+01
Conv.(%) CH4                  0.000000e+00        9.999944e+01
Conv.(%) N2                   0.000000e+00        1.117753e-01
Total species (kmol/s)        5.439557e-03        5.481114e-03
Element(kmol/s) C             5.168830e-04        5.168830e-04
Element(kmol/s) H             2.067532e-03        2.067532e-03
Element(kmol/s) O             2.067521e-03        2.067521e-03
Element(kmol/s) N             7.777826e-03        7.777826e-03
-----------------------------------------------------------------------------

-----------------------------------------------------------------------------
Mass fractions                Inlet               Outlet
-----------------------------------------------------------------------------
H2                            0.000000e+00        2.703254e-04
H                             0.000000e+00        1.516461e-05
O                             0.000000e+00        1.345804e-04
O2                            2.200602e-01        5.681834e-03
OH                            0.000000e+00        1.839367e-03
H2O                           0.000000e+00        1.203687e-01
HO2                           0.000000e+00        6.373830e-07
H2O2                          0.000000e+00        5.908211e-08
C                             0.000000e+00        7.153070e-11
CH                            0.000000e+00        5.507345e-10
CH2                           0.000000e+00        1.063178e-08
CH2(S)                        0.000000e+00        7.648385e-10
CH3                           0.000000e+00        1.599263e-07
CH4                           5.516664e-02        3.092666e-07
CO                            0.000000e+00        9.349951e-03
CO2                           0.000000e+00        1.366402e-01
HCO                           0.000000e+00        3.985490e-09
CH2O                          0.000000e+00        9.542713e-08
CH2OH                         0.000000e+00        1.520867e-09
CH3O                          0.000000e+00        7.883588e-11
CH3OH                         0.000000e+00        2.182780e-09
C2H                           0.000000e+00        9.514057e-14
C2H2                          0.000000e+00        2.450860e-11
C2H3                          0.000000e+00        2.587298e-13
C2H4                          0.000000e+00        7.880422e-12
C2H5                          0.000000e+00        1.325621e-13
C2H6                          0.000000e+00        8.849069e-14
HCCO                          0.000000e+00        9.560510e-11
CH2CO                         0.000000e+00        2.100963e-10
HCCOH                         0.000000e+00        2.716154e-12
N                             0.000000e+00        7.341399e-09
NH                            0.000000e+00        1.762235e-09
NH2                           0.000000e+00        3.887279e-09
NH3                           0.000000e+00        1.139447e-08
NNH                           0.000000e+00        8.442897e-10
NO                            0.000000e+00        1.734554e-03
NO2                           0.000000e+00        4.927971e-07
N2O                           0.000000e+00        1.686534e-07
HNO                           0.000000e+00        3.349877e-08
CN                            0.000000e+00        2.514958e-10
HCN                           0.000000e+00        9.249424e-08
H2CN                          0.000000e+00        6.710681e-13
HCNN                          0.000000e+00        6.976950e-13
HCNO                          0.000000e+00        3.825399e-08
HOCN                          0.000000e+00        3.663764e-09
HNCO                          0.000000e+00        1.749041e-07
NCO                           0.000000e+00        6.788463e-09
N2                            7.247732e-01        7.239630e-01
AR                            0.000000e+00        0.000000e+00
C3H7                          0.000000e+00        2.102703e-20
C3H8                          0.000000e+00        1.788065e-20
CH2CHO                        0.000000e+00        5.476185e-15
CH3CHO                        0.000000e+00        1.530794e-13
--------------------------------------------------------------

-----------------------------------------------------------------------------
Mole fractions                Inlet               Outlet
-----------------------------------------------------------------------------
H2                            0.000000e+00        3.677297e-03
H                             0.000000e+00        4.125754e-04
O                             0.000000e+00        2.306861e-04
O2                            1.900450e-01        4.869655e-03
OH                            0.000000e+00        2.966014e-03
H2O                           0.000000e+00        1.832364e-01
HO2                           0.000000e+00        5.295904e-07
H2O2                          0.000000e+00        4.763551e-08
C                             0.000000e+00        1.633224e-10
CH                            0.000000e+00        1.160104e-09
CH2                           0.000000e+00        2.078612e-08
CH2(S)                        0.000000e+00        1.495331e-09
CH3                           0.000000e+00        2.917084e-07
CH4                           9.502300e-02        5.286642e-07
CO                            0.000000e+00        9.154375e-03
CO2                           0.000000e+00        8.514700e-02
HCO                           0.000000e+00        3.766575e-09
CH2O                          0.000000e+00        8.715792e-08
CH2OH                         0.000000e+00        1.343959e-09
CH3O                          0.000000e+00        6.966565e-11
CH3OH                         0.000000e+00        1.868198e-09
C2H                           0.000000e+00        1.042407e-13
C2H2                          0.000000e+00        2.581329e-11
C2H3                          0.000000e+00        2.623469e-13
C2H4                          0.000000e+00        7.703483e-12
C2H5                          0.000000e+00        1.250911e-13
C2H6                          0.000000e+00        8.070429e-14
HCCO                          0.000000e+00        6.390320e-11
CH2CO                         0.000000e+00        1.370627e-10
HCCOH                         0.000000e+00        1.771965e-12
N                             0.000000e+00        1.437362e-08
NH                            0.000000e+00        3.218630e-09
NH2                           0.000000e+00        6.653257e-09
NH3                           0.000000e+00        1.834790e-08
NNH                           0.000000e+00        7.978047e-10
NO                            0.000000e+00        1.585302e-03
NO2                           0.000000e+00        2.937620e-07
N2O                           0.000000e+00        1.050864e-07
HNO                           0.000000e+00        2.962126e-08
CN                            0.000000e+00        2.650875e-10
HCN                           0.000000e+00        9.385672e-08
H2CN                          0.000000e+00        6.564687e-13
HCNN                          0.000000e+00        4.662993e-13
HCNO                          0.000000e+00        2.438306e-08
HOCN                          0.000000e+00        2.335281e-09
HNCO                          0.000000e+00        1.114838e-07
NCO                           0.000000e+00        4.430767e-09
N2                            7.149320e-01        7.087184e-01
AR                            0.000000e+00        0.000000e+00
C3H7                          0.000000e+00        1.338271e-20
C3H8                          0.000000e+00        1.112005e-20
CH2CHO                        0.000000e+00        3.488895e-15
CH3CHO                        0.000000e+00        9.529582e-14
-----------------------------------------------------------------------------
